[16-Jan-2024 14:06:20] NOTICE: fpm is running, pid 105581
[16-Jan-2024 14:06:20] NOTICE: ready to handle connections
[16-Jan-2024 14:09:39] NOTICE: Terminating ...
[16-Jan-2024 14:09:39] NOTICE: Terminating ...
[16-Jan-2024 14:09:39] NOTICE: exiting, bye-bye!
[16-Jan-2024 14:09:41] NOTICE: fpm is running, pid 106763
[16-Jan-2024 14:09:41] NOTICE: ready to handle connections
[16-Jan-2024 14:09:54] NOTICE: Terminating ...
[16-Jan-2024 14:09:54] NOTICE: Terminating ...
[16-Jan-2024 14:09:54] NOTICE: exiting, bye-bye!
[16-Jan-2024 14:09:56] NOTICE: fpm is running, pid 106890
[16-Jan-2024 14:09:56] NOTICE: ready to handle connections
[16-Jan-2024 14:52:16] NOTICE: Terminating ...
[16-Jan-2024 14:52:16] NOTICE: Terminating ...
[16-Jan-2024 14:52:16] NOTICE: exiting, bye-bye!
[16-Jan-2024 14:52:19] NOTICE: fpm is running, pid 118723
[16-Jan-2024 14:52:19] NOTICE: ready to handle connections
[16-Jan-2024 17:42:00] NOTICE: Terminating ...
[16-Jan-2024 17:42:00] NOTICE: exiting, bye-bye!
[17-Jan-2024 09:46:27] NOTICE: fpm is running, pid 60419
[17-Jan-2024 09:46:27] NOTICE: ready to handle connections
[17-Jan-2024 17:16:31] NOTICE: Terminating ...
[17-Jan-2024 17:16:31] NOTICE: exiting, bye-bye!
[18-Jan-2024 12:06:15] NOTICE: fpm is running, pid 208942
[18-Jan-2024 12:06:15] NOTICE: ready to handle connections
[18-Jan-2024 14:02:24] NOTICE: Terminating ...
[18-Jan-2024 14:02:24] NOTICE: exiting, bye-bye!
[18-Jan-2024 14:02:24] NOTICE: fpm is running, pid 228726
[18-Jan-2024 14:02:24] NOTICE: ready to handle connections
[18-Jan-2024 15:23:40] NOTICE: Terminating ...
[18-Jan-2024 15:23:40] NOTICE: Terminating ...
[18-Jan-2024 15:23:40] NOTICE: exiting, bye-bye!
[18-Jan-2024 15:23:41] NOTICE: fpm is running, pid 250415
[18-Jan-2024 15:23:41] NOTICE: ready to handle connections
[18-Jan-2024 15:24:27] NOTICE: Terminating ...
[18-Jan-2024 15:24:27] NOTICE: Terminating ...
[18-Jan-2024 15:24:27] NOTICE: exiting, bye-bye!
[18-Jan-2024 15:24:28] NOTICE: fpm is running, pid 250831
[18-Jan-2024 15:24:28] NOTICE: ready to handle connections
[18-Jan-2024 15:25:28] NOTICE: Terminating ...
[18-Jan-2024 15:25:28] NOTICE: Terminating ...
[18-Jan-2024 15:25:28] NOTICE: exiting, bye-bye!
[18-Jan-2024 15:25:40] NOTICE: fpm is running, pid 251190
[18-Jan-2024 15:25:40] NOTICE: ready to handle connections
[18-Jan-2024 15:25:59] NOTICE: Terminating ...
[18-Jan-2024 15:25:59] NOTICE: Terminating ...
[18-Jan-2024 15:25:59] NOTICE: exiting, bye-bye!
[18-Jan-2024 15:26:01] NOTICE: fpm is running, pid 251365
[18-Jan-2024 15:26:01] NOTICE: ready to handle connections
[18-Jan-2024 15:26:39] NOTICE: Terminating ...
[18-Jan-2024 15:26:39] NOTICE: Terminating ...
[18-Jan-2024 15:26:39] NOTICE: exiting, bye-bye!
[18-Jan-2024 15:26:41] NOTICE: fpm is running, pid 251673
[18-Jan-2024 15:26:41] NOTICE: ready to handle connections
[18-Jan-2024 15:27:57] NOTICE: Terminating ...
[18-Jan-2024 15:27:57] NOTICE: Terminating ...
[18-Jan-2024 15:27:57] NOTICE: exiting, bye-bye!
[18-Jan-2024 15:27:59] NOTICE: fpm is running, pid 252016
[18-Jan-2024 15:27:59] NOTICE: ready to handle connections
[18-Jan-2024 18:10:01] NOTICE: Terminating ...
[18-Jan-2024 18:10:01] NOTICE: exiting, bye-bye!
[21-Jan-2024 10:02:30] NOTICE: fpm is running, pid 540743
[21-Jan-2024 10:02:30] NOTICE: ready to handle connections
[21-Jan-2024 10:08:14] NOTICE: Terminating ...
[21-Jan-2024 10:08:14] NOTICE: Terminating ...
[21-Jan-2024 10:08:14] NOTICE: exiting, bye-bye!
[21-Jan-2024 10:08:19] NOTICE: fpm is running, pid 543179
[21-Jan-2024 10:08:19] NOTICE: ready to handle connections
[21-Jan-2024 10:21:42] NOTICE: Terminating ...
[21-Jan-2024 10:21:42] NOTICE: Terminating ...
[21-Jan-2024 10:21:42] NOTICE: exiting, bye-bye!
[21-Jan-2024 10:21:43] NOTICE: fpm is running, pid 547092
[21-Jan-2024 10:21:43] NOTICE: ready to handle connections
[21-Jan-2024 10:21:45] NOTICE: Terminating ...
[21-Jan-2024 10:21:45] NOTICE: Terminating ...
[21-Jan-2024 10:21:45] NOTICE: exiting, bye-bye!
[21-Jan-2024 10:21:48] NOTICE: fpm is running, pid 547153
[21-Jan-2024 10:21:48] NOTICE: ready to handle connections
[21-Jan-2024 10:38:30] NOTICE: Terminating ...
[21-Jan-2024 10:38:30] NOTICE: Terminating ...
[21-Jan-2024 10:38:30] NOTICE: exiting, bye-bye!
[21-Jan-2024 10:38:45] NOTICE: fpm is running, pid 551861
[21-Jan-2024 10:38:45] NOTICE: ready to handle connections
[21-Jan-2024 14:45:42] NOTICE: Terminating ...
[21-Jan-2024 14:45:42] NOTICE: Terminating ...
[21-Jan-2024 14:45:42] NOTICE: exiting, bye-bye!
[21-Jan-2024 14:45:47] NOTICE: fpm is running, pid 590655
[21-Jan-2024 14:45:47] NOTICE: ready to handle connections
[21-Jan-2024 17:25:20] NOTICE: Terminating ...
[21-Jan-2024 17:25:20] NOTICE: exiting, bye-bye!
[22-Jan-2024 08:43:54] NOTICE: fpm is running, pid 48436
[22-Jan-2024 08:43:54] NOTICE: ready to handle connections
[22-Jan-2024 17:04:10] NOTICE: Terminating ...
[22-Jan-2024 17:04:10] NOTICE: exiting, bye-bye!
[25-Jan-2024 11:52:18] NOTICE: fpm is running, pid 80376
[25-Jan-2024 11:52:18] NOTICE: ready to handle connections
[25-Jan-2024 17:29:10] NOTICE: Terminating ...
[25-Jan-2024 17:29:10] NOTICE: exiting, bye-bye!
[28-Jan-2024 10:08:59] NOTICE: fpm is running, pid 553183
[28-Jan-2024 10:08:59] NOTICE: ready to handle connections
[28-Jan-2024 18:10:52] NOTICE: Terminating ...
[28-Jan-2024 18:10:52] NOTICE: exiting, bye-bye!
[29-Jan-2024 09:22:38] NOTICE: fpm is running, pid 53617
[29-Jan-2024 09:22:38] NOTICE: ready to handle connections
[29-Jan-2024 17:22:16] NOTICE: Terminating ...
[29-Jan-2024 17:22:17] NOTICE: exiting, bye-bye!
[30-Jan-2024 09:48:18] NOTICE: fpm is running, pid 57777
[30-Jan-2024 09:48:18] NOTICE: ready to handle connections
[30-Jan-2024 17:56:31] NOTICE: Terminating ...
[30-Jan-2024 17:56:31] NOTICE: exiting, bye-bye!
[01-Feb-2024 09:54:53] NOTICE: fpm is running, pid 64084
[01-Feb-2024 09:54:53] NOTICE: ready to handle connections
[01-Feb-2024 17:45:51] NOTICE: Terminating ...
[01-Feb-2024 17:45:51] NOTICE: exiting, bye-bye!
[06-Feb-2024 11:12:52] NOTICE: fpm is running, pid 192283
[06-Feb-2024 11:12:52] NOTICE: ready to handle connections
[06-Feb-2024 14:19:46] NOTICE: Terminating ...
[06-Feb-2024 14:19:46] NOTICE: Terminating ...
[06-Feb-2024 14:19:46] NOTICE: exiting, bye-bye!
