2024-01-30T07:14:08+00:00 CRITICAL syntax error, unexpected token "foreach" in /home/mhmd/Local Sites/zakat/app/public/wp-content/plugins/zakat/zakat.php on line 64

2024-01-30T07:16:08+00:00 CRITICAL syntax error, unexpected token "foreach" in /home/mhmd/Local Sites/zakat/app/public/wp-content/plugins/zakat/zakat.php on line 64

2024-01-30T07:18:08+00:00 CRITICAL syntax error, unexpected token "foreach" in /home/mhmd/Local Sites/zakat/app/public/wp-content/plugins/zakat/zakat.php on line 64

2024-01-30T07:23:24+00:00 CRITICAL Uncaught Error: Call to undefined function get_items() in /home/mhmd/Local Sites/zakat/app/public/wp-content/plugins/zakat/zakat.php:62
Stack trace:
#0 /home/mhmd/Local Sites/zakat/app/public/wp-content/plugins/zakat/zakat.php(32): orderData(4418)
#1 /home/mhmd/Local Sites/zakat/app/public/wp-includes/class-wp-hook.php(326): woo_order_status_change_custom(4418)
#2 /home/mhmd/Local Sites/zakat/app/public/wp-includes/class-wp-hook.php(348): WP_Hook->apply_filters('', Array)
#3 /home/mhmd/Local Sites/zakat/app/public/wp-includes/plugin.php(517): WP_Hook->do_action(Array)
#4 /home/mhmd/Local Sites/zakat/app/public/wp-content/plugins/woocommerce/includes/class-wc-order.php(421): do_action('woocommerce_ord...', 4418, 'on-hold', 'processing', Object(Automattic\WooCommerce\Admin\Overrides\Order))
#5 /home/mhmd/Local Sites/zakat/app/public/wp-content/plugins/woocommerce/includes/class-wc-order.php(253): WC_Order->status_transition()
#6 /home/mhmd/Local Sites/zakat/app/public/wp-content/plugins/woocommerce/includes/admin/meta-boxes/class-wc-meta-box-order-data.php(714): WC_Order->save()
#7 /home/mhmd/Local Sites/zakat/app/public/wp-includes/class-wp-hook.php(326): WC_Meta_Box_Order_Data::save(4418)
#8 /home/mhmd/Local Sites/zakat/app/public/wp-includes/class-wp-hook.php(348): WP_Hook->apply_filters(NULL, Array)
#9 /home/mhmd/Local Sites/zakat/app/public/wp-includes/plugin.php(517): WP_Hook->do_action(Array)
#10 /home/mhmd/Local Sites/zakat/app/public/wp-content/plugins/woocommerce/src/Internal/Admin/Orders/Edit.php(303): do_action('woocommerce_pro...', 4418, Object(Automattic\WooCommerce\Admin\Overrides\Order))
#11 /home/mhmd/Local Sites/zakat/app/public/wp-content/plugins/woocommerce/src/Internal/Admin/Orders/Edit.php(152): Automattic\WooCommerce\Internal\Admin\Orders\Edit->handle_order_update()
#12 /home/mhmd/Local Sites/zakat/app/public/wp-content/plugins/woocommerce/src/Internal/Admin/Orders/PageController.php(350): Automattic\WooCommerce\Internal\Admin\Orders\Edit->setup(Object(Automattic\WooCommerce\Admin\Overrides\Order))
#13 /home/mhmd/Local Sites/zakat/app/public/wp-content/plugins/woocommerce/src/Internal/Admin/Orders/PageController.php(366): Automattic\WooCommerce\Internal\Admin\Orders\PageController->prepare_order_edit_form()
#14 /home/mhmd/Local Sites/zakat/app/public/wp-content/plugins/woocommerce/src/Internal/Admin/Orders/PageController.php(167): Automattic\WooCommerce\Internal\Admin\Orders\PageController->setup_action_edit_order()
#15 [internal function]: Automattic\WooCommerce\Internal\Admin\Orders\PageController->handle_load_page_action('')
#16 /home/mhmd/Local Sites/zakat/app/public/wp-content/plugins/woocommerce/src/Internal/Traits/AccessiblePrivateMethods.php(158): call_user_func_array(Array, Array)
#17 /home/mhmd/Local Sites/zakat/app/public/wp-includes/class-wp-hook.php(324): Automattic\WooCommerce\Internal\Admin\Orders\PageController->__call('handle_load_pag...', Array)
#18 /home/mhmd/Local Sites/zakat/app/public/wp-includes/class-wp-hook.php(348): WP_Hook->apply_filters('', Array)
#19 /home/mhmd/Local Sites/zakat/app/public/wp-includes/plugin.php(517): WP_Hook->do_action(Array)
#20 /home/mhmd/Local Sites/zakat/app/public/wp-admin/admin.php(237): do_action('load-woocommerc...')
#21 {main}
  thrown in /home/mhmd/Local Sites/zakat/app/public/wp-content/plugins/zakat/zakat.php on line 62

2024-01-30T07:25:19+00:00 CRITICAL Uncaught Error: Call to undefined function get_items() in /home/mhmd/Local Sites/zakat/app/public/wp-content/plugins/zakat/zakat.php:62
Stack trace:
#0 /home/mhmd/Local Sites/zakat/app/public/wp-content/plugins/zakat/zakat.php(32): orderData(4418)
#1 /home/mhmd/Local Sites/zakat/app/public/wp-includes/class-wp-hook.php(326): woo_order_status_change_custom(4418)
#2 /home/mhmd/Local Sites/zakat/app/public/wp-includes/class-wp-hook.php(348): WP_Hook->apply_filters('', Array)
#3 /home/mhmd/Local Sites/zakat/app/public/wp-includes/plugin.php(517): WP_Hook->do_action(Array)
#4 /home/mhmd/Local Sites/zakat/app/public/wp-content/plugins/woocommerce/includes/class-wc-order.php(421): do_action('woocommerce_ord...', 4418, 'processing', 'on-hold', Object(Automattic\WooCommerce\Admin\Overrides\Order))
#5 /home/mhmd/Local Sites/zakat/app/public/wp-content/plugins/woocommerce/includes/class-wc-order.php(253): WC_Order->status_transition()
#6 /home/mhmd/Local Sites/zakat/app/public/wp-content/plugins/woocommerce/includes/admin/meta-boxes/class-wc-meta-box-order-data.php(714): WC_Order->save()
#7 /home/mhmd/Local Sites/zakat/app/public/wp-includes/class-wp-hook.php(326): WC_Meta_Box_Order_Data::save(4418)
#8 /home/mhmd/Local Sites/zakat/app/public/wp-includes/class-wp-hook.php(348): WP_Hook->apply_filters(NULL, Array)
#9 /home/mhmd/Local Sites/zakat/app/public/wp-includes/plugin.php(517): WP_Hook->do_action(Array)
#10 /home/mhmd/Local Sites/zakat/app/public/wp-content/plugins/woocommerce/src/Internal/Admin/Orders/Edit.php(303): do_action('woocommerce_pro...', 4418, Object(Automattic\WooCommerce\Admin\Overrides\Order))
#11 /home/mhmd/Local Sites/zakat/app/public/wp-content/plugins/woocommerce/src/Internal/Admin/Orders/Edit.php(152): Automattic\WooCommerce\Internal\Admin\Orders\Edit->handle_order_update()
#12 /home/mhmd/Local Sites/zakat/app/public/wp-content/plugins/woocommerce/src/Internal/Admin/Orders/PageController.php(350): Automattic\WooCommerce\Internal\Admin\Orders\Edit->setup(Object(Automattic\WooCommerce\Admin\Overrides\Order))
#13 /home/mhmd/Local Sites/zakat/app/public/wp-content/plugins/woocommerce/src/Internal/Admin/Orders/PageController.php(366): Automattic\WooCommerce\Internal\Admin\Orders\PageController->prepare_order_edit_form()
#14 /home/mhmd/Local Sites/zakat/app/public/wp-content/plugins/woocommerce/src/Internal/Admin/Orders/PageController.php(167): Automattic\WooCommerce\Internal\Admin\Orders\PageController->setup_action_edit_order()
#15 [internal function]: Automattic\WooCommerce\Internal\Admin\Orders\PageController->handle_load_page_action('')
#16 /home/mhmd/Local Sites/zakat/app/public/wp-content/plugins/woocommerce/src/Internal/Traits/AccessiblePrivateMethods.php(158): call_user_func_array(Array, Array)
#17 /home/mhmd/Local Sites/zakat/app/public/wp-includes/class-wp-hook.php(324): Automattic\WooCommerce\Internal\Admin\Orders\PageController->__call('handle_load_pag...', Array)
#18 /home/mhmd/Local Sites/zakat/app/public/wp-includes/class-wp-hook.php(348): WP_Hook->apply_filters('', Array)
#19 /home/mhmd/Local Sites/zakat/app/public/wp-includes/plugin.php(517): WP_Hook->do_action(Array)
#20 /home/mhmd/Local Sites/zakat/app/public/wp-admin/admin.php(237): do_action('load-woocommerc...')
#21 {main}
  thrown in /home/mhmd/Local Sites/zakat/app/public/wp-content/plugins/zakat/zakat.php on line 62

2024-01-30T07:41:04+00:00 CRITICAL Uncaught TypeError: Unsupported operand types: int + array in /home/mhmd/Local Sites/zakat/app/public/wp-content/plugins/zakat/zakat.php:70
Stack trace:
#0 /home/mhmd/Local Sites/zakat/app/public/wp-content/plugins/zakat/zakat.php(32): orderData(4418)
#1 /home/mhmd/Local Sites/zakat/app/public/wp-includes/class-wp-hook.php(326): woo_order_status_change_custom(4418)
#2 /home/mhmd/Local Sites/zakat/app/public/wp-includes/class-wp-hook.php(348): WP_Hook->apply_filters('', Array)
#3 /home/mhmd/Local Sites/zakat/app/public/wp-includes/plugin.php(517): WP_Hook->do_action(Array)
#4 /home/mhmd/Local Sites/zakat/app/public/wp-content/plugins/woocommerce/includes/class-wc-order.php(421): do_action('woocommerce_ord...', 4418, 'processing', 'on-hold', Object(Automattic\WooCommerce\Admin\Overrides\Order))
#5 /home/mhmd/Local Sites/zakat/app/public/wp-content/plugins/woocommerce/includes/class-wc-order.php(253): WC_Order->status_transition()
#6 /home/mhmd/Local Sites/zakat/app/public/wp-content/plugins/woocommerce/includes/admin/meta-boxes/class-wc-meta-box-order-data.php(714): WC_Order->save()
#7 /home/mhmd/Local Sites/zakat/app/public/wp-includes/class-wp-hook.php(326): WC_Meta_Box_Order_Data::save(4418)
#8 /home/mhmd/Local Sites/zakat/app/public/wp-includes/class-wp-hook.php(348): WP_Hook->apply_filters(NULL, Array)
#9 /home/mhmd/Local Sites/zakat/app/public/wp-includes/plugin.php(517): WP_Hook->do_action(Array)
#10 /home/mhmd/Local Sites/zakat/app/public/wp-content/plugins/woocommerce/src/Internal/Admin/Orders/Edit.php(303): do_action('woocommerce_pro...', 4418, Object(Automattic\WooCommerce\Admin\Overrides\Order))
#11 /home/mhmd/Local Sites/zakat/app/public/wp-content/plugins/woocommerce/src/Internal/Admin/Orders/Edit.php(152): Automattic\WooCommerce\Internal\Admin\Orders\Edit->handle_order_update()
#12 /home/mhmd/Local Sites/zakat/app/public/wp-content/plugins/woocommerce/src/Internal/Admin/Orders/PageController.php(350): Automattic\WooCommerce\Internal\Admin\Orders\Edit->setup(Object(Automattic\WooCommerce\Admin\Overrides\Order))
#13 /home/mhmd/Local Sites/zakat/app/public/wp-content/plugins/woocommerce/src/Internal/Admin/Orders/PageController.php(366): Automattic\WooCommerce\Internal\Admin\Orders\PageController->prepare_order_edit_form()
#14 /home/mhmd/Local Sites/zakat/app/public/wp-content/plugins/woocommerce/src/Internal/Admin/Orders/PageController.php(167): Automattic\WooCommerce\Internal\Admin\Orders\PageController->setup_action_edit_order()
#15 [internal function]: Automattic\WooCommerce\Internal\Admin\Orders\PageController->handle_load_page_action('')
#16 /home/mhmd/Local Sites/zakat/app/public/wp-content/plugins/woocommerce/src/Internal/Traits/AccessiblePrivateMethods.php(158): call_user_func_array(Array, Array)
#17 /home/mhmd/Local Sites/zakat/app/public/wp-includes/class-wp-hook.php(324): Automattic\WooCommerce\Internal\Admin\Orders\PageController->__call('handle_load_pag...', Array)
#18 /home/mhmd/Local Sites/zakat/app/public/wp-includes/class-wp-hook.php(348): WP_Hook->apply_filters('', Array)
#19 /home/mhmd/Local Sites/zakat/app/public/wp-includes/plugin.php(517): WP_Hook->do_action(Array)
#20 /home/mhmd/Local Sites/zakat/app/public/wp-admin/admin.php(237): do_action('load-woocommerc...')
#21 {main}
  thrown in /home/mhmd/Local Sites/zakat/app/public/wp-content/plugins/zakat/zakat.php on line 70

2024-01-30T07:45:52+00:00 CRITICAL Uncaught Error: Call to undefined method WC_Product_Simple::get_quantity() in /home/mhmd/Local Sites/zakat/app/public/wp-content/plugins/zakat/zakat.php:67
Stack trace:
#0 /home/mhmd/Local Sites/zakat/app/public/wp-content/plugins/zakat/zakat.php(32): orderData(4418)
#1 /home/mhmd/Local Sites/zakat/app/public/wp-includes/class-wp-hook.php(326): woo_order_status_change_custom(4418)
#2 /home/mhmd/Local Sites/zakat/app/public/wp-includes/class-wp-hook.php(348): WP_Hook->apply_filters('', Array)
#3 /home/mhmd/Local Sites/zakat/app/public/wp-includes/plugin.php(517): WP_Hook->do_action(Array)
#4 /home/mhmd/Local Sites/zakat/app/public/wp-content/plugins/woocommerce/includes/class-wc-order.php(421): do_action('woocommerce_ord...', 4418, 'on-hold', 'processing', Object(Automattic\WooCommerce\Admin\Overrides\Order))
#5 /home/mhmd/Local Sites/zakat/app/public/wp-content/plugins/woocommerce/includes/class-wc-order.php(253): WC_Order->status_transition()
#6 /home/mhmd/Local Sites/zakat/app/public/wp-content/plugins/woocommerce/includes/admin/meta-boxes/class-wc-meta-box-order-data.php(714): WC_Order->save()
#7 /home/mhmd/Local Sites/zakat/app/public/wp-includes/class-wp-hook.php(326): WC_Meta_Box_Order_Data::save(4418)
#8 /home/mhmd/Local Sites/zakat/app/public/wp-includes/class-wp-hook.php(348): WP_Hook->apply_filters(NULL, Array)
#9 /home/mhmd/Local Sites/zakat/app/public/wp-includes/plugin.php(517): WP_Hook->do_action(Array)
#10 /home/mhmd/Local Sites/zakat/app/public/wp-content/plugins/woocommerce/src/Internal/Admin/Orders/Edit.php(303): do_action('woocommerce_pro...', 4418, Object(Automattic\WooCommerce\Admin\Overrides\Order))
#11 /home/mhmd/Local Sites/zakat/app/public/wp-content/plugins/woocommerce/src/Internal/Admin/Orders/Edit.php(152): Automattic\WooCommerce\Internal\Admin\Orders\Edit->handle_order_update()
#12 /home/mhmd/Local Sites/zakat/app/public/wp-content/plugins/woocommerce/src/Internal/Admin/Orders/PageController.php(350): Automattic\WooCommerce\Internal\Admin\Orders\Edit->setup(Object(Automattic\WooCommerce\Admin\Overrides\Order))
#13 /home/mhmd/Local Sites/zakat/app/public/wp-content/plugins/woocommerce/src/Internal/Admin/Orders/PageController.php(366): Automattic\WooCommerce\Internal\Admin\Orders\PageController->prepare_order_edit_form()
#14 /home/mhmd/Local Sites/zakat/app/public/wp-content/plugins/woocommerce/src/Internal/Admin/Orders/PageController.php(167): Automattic\WooCommerce\Internal\Admin\Orders\PageController->setup_action_edit_order()
#15 [internal function]: Automattic\WooCommerce\Internal\Admin\Orders\PageController->handle_load_page_action('')
#16 /home/mhmd/Local Sites/zakat/app/public/wp-content/plugins/woocommerce/src/Internal/Traits/AccessiblePrivateMethods.php(158): call_user_func_array(Array, Array)
#17 /home/mhmd/Local Sites/zakat/app/public/wp-includes/class-wp-hook.php(324): Automattic\WooCommerce\Internal\Admin\Orders\PageController->__call('handle_load_pag...', Array)
#18 /home/mhmd/Local Sites/zakat/app/public/wp-includes/class-wp-hook.php(348): WP_Hook->apply_filters('', Array)
#19 /home/mhmd/Local Sites/zakat/app/public/wp-includes/plugin.php(517): WP_Hook->do_action(Array)
#20 /home/mhmd/Local Sites/zakat/app/public/wp-admin/admin.php(237): do_action('load-woocommerc...')
#21 {main}
  thrown in /home/mhmd/Local Sites/zakat/app/public/wp-content/plugins/zakat/zakat.php on line 67

2024-01-30T07:53:30+00:00 CRITICAL syntax error, unexpected token ")" in /home/mhmd/Local Sites/zakat/app/public/wp-content/plugins/zakat/zakat.php on line 72

2024-01-30T07:57:55+00:00 CRITICAL Uncaught Error: Call to a member function get_price() on string in /home/mhmd/Local Sites/zakat/app/public/wp-content/plugins/zakat/zakat.php:69
Stack trace:
#0 /home/mhmd/Local Sites/zakat/app/public/wp-content/plugins/zakat/zakat.php(32): orderData(4418)
#1 /home/mhmd/Local Sites/zakat/app/public/wp-includes/class-wp-hook.php(326): woo_order_status_change_custom(4418)
#2 /home/mhmd/Local Sites/zakat/app/public/wp-includes/class-wp-hook.php(348): WP_Hook->apply_filters('', Array)
#3 /home/mhmd/Local Sites/zakat/app/public/wp-includes/plugin.php(517): WP_Hook->do_action(Array)
#4 /home/mhmd/Local Sites/zakat/app/public/wp-content/plugins/woocommerce/includes/class-wc-order.php(421): do_action('woocommerce_ord...', 4418, 'on-hold', 'processing', Object(Automattic\WooCommerce\Admin\Overrides\Order))
#5 /home/mhmd/Local Sites/zakat/app/public/wp-content/plugins/woocommerce/includes/class-wc-order.php(253): WC_Order->status_transition()
#6 /home/mhmd/Local Sites/zakat/app/public/wp-content/plugins/woocommerce/includes/admin/meta-boxes/class-wc-meta-box-order-data.php(714): WC_Order->save()
#7 /home/mhmd/Local Sites/zakat/app/public/wp-includes/class-wp-hook.php(326): WC_Meta_Box_Order_Data::save(4418)
#8 /home/mhmd/Local Sites/zakat/app/public/wp-includes/class-wp-hook.php(348): WP_Hook->apply_filters(NULL, Array)
#9 /home/mhmd/Local Sites/zakat/app/public/wp-includes/plugin.php(517): WP_Hook->do_action(Array)
#10 /home/mhmd/Local Sites/zakat/app/public/wp-content/plugins/woocommerce/src/Internal/Admin/Orders/Edit.php(303): do_action('woocommerce_pro...', 4418, Object(Automattic\WooCommerce\Admin\Overrides\Order))
#11 /home/mhmd/Local Sites/zakat/app/public/wp-content/plugins/woocommerce/src/Internal/Admin/Orders/Edit.php(152): Automattic\WooCommerce\Internal\Admin\Orders\Edit->handle_order_update()
#12 /home/mhmd/Local Sites/zakat/app/public/wp-content/plugins/woocommerce/src/Internal/Admin/Orders/PageController.php(350): Automattic\WooCommerce\Internal\Admin\Orders\Edit->setup(Object(Automattic\WooCommerce\Admin\Overrides\Order))
#13 /home/mhmd/Local Sites/zakat/app/public/wp-content/plugins/woocommerce/src/Internal/Admin/Orders/PageController.php(366): Automattic\WooCommerce\Internal\Admin\Orders\PageController->prepare_order_edit_form()
#14 /home/mhmd/Local Sites/zakat/app/public/wp-content/plugins/woocommerce/src/Internal/Admin/Orders/PageController.php(167): Automattic\WooCommerce\Internal\Admin\Orders\PageController->setup_action_edit_order()
#15 [internal function]: Automattic\WooCommerce\Internal\Admin\Orders\PageController->handle_load_page_action('')
#16 /home/mhmd/Local Sites/zakat/app/public/wp-content/plugins/woocommerce/src/Internal/Traits/AccessiblePrivateMethods.php(158): call_user_func_array(Array, Array)
#17 /home/mhmd/Local Sites/zakat/app/public/wp-includes/class-wp-hook.php(324): Automattic\WooCommerce\Internal\Admin\Orders\PageController->__call('handle_load_pag...', Array)
#18 /home/mhmd/Local Sites/zakat/app/public/wp-includes/class-wp-hook.php(348): WP_Hook->apply_filters('', Array)
#19 /home/mhmd/Local Sites/zakat/app/public/wp-includes/plugin.php(517): WP_Hook->do_action(Array)
#20 /home/mhmd/Local Sites/zakat/app/public/wp-admin/admin.php(237): do_action('load-woocommerc...')
#21 {main}
  thrown in /home/mhmd/Local Sites/zakat/app/public/wp-content/plugins/zakat/zakat.php on line 69

2024-01-30T08:02:00+00:00 CRITICAL Uncaught Error: Call to a member function get_price() on null in /home/mhmd/Local Sites/zakat/app/public/wp-content/plugins/zakat/zakat.php:69
Stack trace:
#0 /home/mhmd/Local Sites/zakat/app/public/wp-content/plugins/zakat/zakat.php(32): orderData(4418)
#1 /home/mhmd/Local Sites/zakat/app/public/wp-includes/class-wp-hook.php(326): woo_order_status_change_custom(4418)
#2 /home/mhmd/Local Sites/zakat/app/public/wp-includes/class-wp-hook.php(348): WP_Hook->apply_filters('', Array)
#3 /home/mhmd/Local Sites/zakat/app/public/wp-includes/plugin.php(517): WP_Hook->do_action(Array)
#4 /home/mhmd/Local Sites/zakat/app/public/wp-content/plugins/woocommerce/includes/class-wc-order.php(421): do_action('woocommerce_ord...', 4418, 'on-hold', 'processing', Object(Automattic\WooCommerce\Admin\Overrides\Order))
#5 /home/mhmd/Local Sites/zakat/app/public/wp-content/plugins/woocommerce/includes/class-wc-order.php(253): WC_Order->status_transition()
#6 /home/mhmd/Local Sites/zakat/app/public/wp-content/plugins/woocommerce/includes/admin/meta-boxes/class-wc-meta-box-order-data.php(714): WC_Order->save()
#7 /home/mhmd/Local Sites/zakat/app/public/wp-includes/class-wp-hook.php(326): WC_Meta_Box_Order_Data::save(4418)
#8 /home/mhmd/Local Sites/zakat/app/public/wp-includes/class-wp-hook.php(348): WP_Hook->apply_filters(NULL, Array)
#9 /home/mhmd/Local Sites/zakat/app/public/wp-includes/plugin.php(517): WP_Hook->do_action(Array)
#10 /home/mhmd/Local Sites/zakat/app/public/wp-content/plugins/woocommerce/src/Internal/Admin/Orders/Edit.php(303): do_action('woocommerce_pro...', 4418, Object(Automattic\WooCommerce\Admin\Overrides\Order))
#11 /home/mhmd/Local Sites/zakat/app/public/wp-content/plugins/woocommerce/src/Internal/Admin/Orders/Edit.php(152): Automattic\WooCommerce\Internal\Admin\Orders\Edit->handle_order_update()
#12 /home/mhmd/Local Sites/zakat/app/public/wp-content/plugins/woocommerce/src/Internal/Admin/Orders/PageController.php(350): Automattic\WooCommerce\Internal\Admin\Orders\Edit->setup(Object(Automattic\WooCommerce\Admin\Overrides\Order))
#13 /home/mhmd/Local Sites/zakat/app/public/wp-content/plugins/woocommerce/src/Internal/Admin/Orders/PageController.php(366): Automattic\WooCommerce\Internal\Admin\Orders\PageController->prepare_order_edit_form()
#14 /home/mhmd/Local Sites/zakat/app/public/wp-content/plugins/woocommerce/src/Internal/Admin/Orders/PageController.php(167): Automattic\WooCommerce\Internal\Admin\Orders\PageController->setup_action_edit_order()
#15 [internal function]: Automattic\WooCommerce\Internal\Admin\Orders\PageController->handle_load_page_action('')
#16 /home/mhmd/Local Sites/zakat/app/public/wp-content/plugins/woocommerce/src/Internal/Traits/AccessiblePrivateMethods.php(158): call_user_func_array(Array, Array)
#17 /home/mhmd/Local Sites/zakat/app/public/wp-includes/class-wp-hook.php(324): Automattic\WooCommerce\Internal\Admin\Orders\PageController->__call('handle_load_pag...', Array)
#18 /home/mhmd/Local Sites/zakat/app/public/wp-includes/class-wp-hook.php(348): WP_Hook->apply_filters('', Array)
#19 /home/mhmd/Local Sites/zakat/app/public/wp-includes/plugin.php(517): WP_Hook->do_action(Array)
#20 /home/mhmd/Local Sites/zakat/app/public/wp-admin/admin.php(237): do_action('load-woocommerc...')
#21 {main}
  thrown in /home/mhmd/Local Sites/zakat/app/public/wp-content/plugins/zakat/zakat.php on line 69

2024-01-30T08:05:53+00:00 CRITICAL Uncaught Error: Call to a member function get_price() on null in /home/mhmd/Local Sites/zakat/app/public/wp-content/plugins/zakat/zakat.php:69
Stack trace:
#0 /home/mhmd/Local Sites/zakat/app/public/wp-content/plugins/zakat/zakat.php(32): orderData(4418)
#1 /home/mhmd/Local Sites/zakat/app/public/wp-includes/class-wp-hook.php(326): woo_order_status_change_custom(4418)
#2 /home/mhmd/Local Sites/zakat/app/public/wp-includes/class-wp-hook.php(348): WP_Hook->apply_filters('', Array)
#3 /home/mhmd/Local Sites/zakat/app/public/wp-includes/plugin.php(517): WP_Hook->do_action(Array)
#4 /home/mhmd/Local Sites/zakat/app/public/wp-content/plugins/woocommerce/includes/class-wc-order.php(421): do_action('woocommerce_ord...', 4418, 'completed', 'on-hold', Object(Automattic\WooCommerce\Admin\Overrides\Order))
#5 /home/mhmd/Local Sites/zakat/app/public/wp-content/plugins/woocommerce/includes/class-wc-order.php(253): WC_Order->status_transition()
#6 /home/mhmd/Local Sites/zakat/app/public/wp-content/plugins/woocommerce/includes/admin/meta-boxes/class-wc-meta-box-order-data.php(714): WC_Order->save()
#7 /home/mhmd/Local Sites/zakat/app/public/wp-includes/class-wp-hook.php(326): WC_Meta_Box_Order_Data::save(4418)
#8 /home/mhmd/Local Sites/zakat/app/public/wp-includes/class-wp-hook.php(348): WP_Hook->apply_filters(NULL, Array)
#9 /home/mhmd/Local Sites/zakat/app/public/wp-includes/plugin.php(517): WP_Hook->do_action(Array)
#10 /home/mhmd/Local Sites/zakat/app/public/wp-content/plugins/woocommerce/src/Internal/Admin/Orders/Edit.php(303): do_action('woocommerce_pro...', 4418, Object(Automattic\WooCommerce\Admin\Overrides\Order))
#11 /home/mhmd/Local Sites/zakat/app/public/wp-content/plugins/woocommerce/src/Internal/Admin/Orders/Edit.php(152): Automattic\WooCommerce\Internal\Admin\Orders\Edit->handle_order_update()
#12 /home/mhmd/Local Sites/zakat/app/public/wp-content/plugins/woocommerce/src/Internal/Admin/Orders/PageController.php(350): Automattic\WooCommerce\Internal\Admin\Orders\Edit->setup(Object(Automattic\WooCommerce\Admin\Overrides\Order))
#13 /home/mhmd/Local Sites/zakat/app/public/wp-content/plugins/woocommerce/src/Internal/Admin/Orders/PageController.php(366): Automattic\WooCommerce\Internal\Admin\Orders\PageController->prepare_order_edit_form()
#14 /home/mhmd/Local Sites/zakat/app/public/wp-content/plugins/woocommerce/src/Internal/Admin/Orders/PageController.php(167): Automattic\WooCommerce\Internal\Admin\Orders\PageController->setup_action_edit_order()
#15 [internal function]: Automattic\WooCommerce\Internal\Admin\Orders\PageController->handle_load_page_action('')
#16 /home/mhmd/Local Sites/zakat/app/public/wp-content/plugins/woocommerce/src/Internal/Traits/AccessiblePrivateMethods.php(158): call_user_func_array(Array, Array)
#17 /home/mhmd/Local Sites/zakat/app/public/wp-includes/class-wp-hook.php(324): Automattic\WooCommerce\Internal\Admin\Orders\PageController->__call('handle_load_pag...', Array)
#18 /home/mhmd/Local Sites/zakat/app/public/wp-includes/class-wp-hook.php(348): WP_Hook->apply_filters('', Array)
#19 /home/mhmd/Local Sites/zakat/app/public/wp-includes/plugin.php(517): WP_Hook->do_action(Array)
#20 /home/mhmd/Local Sites/zakat/app/public/wp-admin/admin.php(237): do_action('load-woocommerc...')
#21 {main}
  thrown in /home/mhmd/Local Sites/zakat/app/public/wp-content/plugins/zakat/zakat.php on line 69

