2024-01-16T11:58:14+00:00 CRITICAL Uncaught ArgumentCountError: Too few arguments to function Cartflows_Ca_Tracking::wcf_ca_update_order_status(), 1 passed in /home/mhmd/Local Sites/zakat/app/public/wp-includes/class-wp-hook.php on line 324 and exactly 3 expected in /home/mhmd/Local Sites/zakat/app/public/wp-content/plugins/woo-cart-abandonment-recovery/modules/cart-abandonment/classes/class-cartflows-ca-tracking.php:187
Stack trace:
#0 /home/mhmd/Local Sites/zakat/app/public/wp-includes/class-wp-hook.php(324): Cartflows_Ca_Tracking->wcf_ca_update_order_status('')
#1 /home/mhmd/Local Sites/zakat/app/public/wp-includes/class-wp-hook.php(348): WP_Hook->apply_filters('', Array)
#2 /home/mhmd/Local Sites/zakat/app/public/wp-includes/plugin.php(517): WP_Hook->do_action(Array)
#3 /home/mhmd/Local Sites/zakat/app/public/wp-content/plugins/zakat/zakat.php(148): do_action('woocommerce_ord...')
#4 /home/mhmd/Local Sites/zakat/app/public/wp-admin/includes/plugin.php(2318): include_once('/home/mhmd/Loca...')
#5 /home/mhmd/Local Sites/zakat/app/public/wp-a in /home/mhmd/Local Sites/zakat/app/public/wp-content/plugins/woo-cart-abandonment-recovery/modules/cart-abandonment/classes/class-cartflows-ca-tracking.php on line 187

2024-01-16T13:28:11+00:00 CRITICAL Uncaught ArgumentCountError: Too few arguments to function Zakat::so_status_completed(), 1 passed in /home/mhmd/Local Sites/zakat/app/public/wp-includes/class-wp-hook.php on line 324 and exactly 3 expected in /home/mhmd/Local Sites/zakat/app/public/wp-content/plugins/zakat/zakat.php:146
Stack trace:
#0 /home/mhmd/Local Sites/zakat/app/public/wp-includes/class-wp-hook.php(324): Zakat->so_status_completed('')
#1 /home/mhmd/Local Sites/zakat/app/public/wp-includes/class-wp-hook.php(348): WP_Hook->apply_filters(NULL, Array)
#2 /home/mhmd/Local Sites/zakat/app/public/wp-includes/plugin.php(517): WP_Hook->do_action(Array)
#3 /home/mhmd/Local Sites/zakat/app/public/wp-settings.php(643): do_action('init')
#4 /home/mhmd/Local Sites/zakat/app/public/wp-config.php(106): require_once('/home/mhmd/Loca...')
#5 /home/mhmd/Local Sites/zakat/app/public/wp-load.php(50): require_once('/home/mhmd/Loca...')
#6 /home/mhmd/Local Sites/zakat/app/public/wp-admin/admin.php(34): require_once('/home/mhmd/Loca...')
#7 /home/mhmd/Local Si in /home/mhmd/Local Sites/zakat/app/public/wp-content/plugins/zakat/zakat.php on line 146

2024-01-16T13:28:52+00:00 CRITICAL Uncaught ArgumentCountError: Too few arguments to function zakat::so_status_completed(), 1 passed in /home/mhmd/Local Sites/zakat/app/public/wp-includes/class-wp-hook.php on line 324 and exactly 3 expected in /home/mhmd/Local Sites/zakat/app/public/wp-content/plugins/zakat/zakat.php:146
Stack trace:
#0 /home/mhmd/Local Sites/zakat/app/public/wp-includes/class-wp-hook.php(324): zakat->so_status_completed('')
#1 /home/mhmd/Local Sites/zakat/app/public/wp-includes/class-wp-hook.php(348): WP_Hook->apply_filters(NULL, Array)
#2 /home/mhmd/Local Sites/zakat/app/public/wp-includes/plugin.php(517): WP_Hook->do_action(Array)
#3 /home/mhmd/Local Sites/zakat/app/public/wp-settings.php(643): do_action('init')
#4 /home/mhmd/Local Sites/zakat/app/public/wp-config.php(106): require_once('/home/mhmd/Loca...')
#5 /home/mhmd/Local Sites/zakat/app/public/wp-load.php(50): require_once('/home/mhmd/Loca...')
#6 /home/mhmd/Local Sites/zakat/app/public/wp-admin/admin.php(34): require_once('/home/mhmd/Loca...')
#7 /home/mhmd/Local Si in /home/mhmd/Local Sites/zakat/app/public/wp-content/plugins/zakat/zakat.php on line 146

2024-01-16T13:28:52+00:00 CRITICAL Uncaught ArgumentCountError: Too few arguments to function zakat::so_status_completed(), 1 passed in /home/mhmd/Local Sites/zakat/app/public/wp-includes/class-wp-hook.php on line 324 and exactly 3 expected in /home/mhmd/Local Sites/zakat/app/public/wp-content/plugins/zakat/zakat.php:146
Stack trace:
#0 /home/mhmd/Local Sites/zakat/app/public/wp-includes/class-wp-hook.php(324): zakat->so_status_completed('')
#1 /home/mhmd/Local Sites/zakat/app/public/wp-includes/class-wp-hook.php(348): WP_Hook->apply_filters(NULL, Array)
#2 /home/mhmd/Local Sites/zakat/app/public/wp-includes/plugin.php(517): WP_Hook->do_action(Array)
#3 /home/mhmd/Local Sites/zakat/app/public/wp-settings.php(643): do_action('init')
#4 /home/mhmd/Local Sites/zakat/app/public/wp-config.php(106): require_once('/home/mhmd/Loca...')
#5 /home/mhmd/Local Sites/zakat/app/public/wp-load.php(50): require_once('/home/mhmd/Loca...')
#6 /home/mhmd/Local Sites/zakat/app/public/wp-blog-header.php(13): require_once('/home/mhmd/Loca...')
#7 /home/mhmd/Local Si in /home/mhmd/Local Sites/zakat/app/public/wp-content/plugins/zakat/zakat.php on line 146

