2024-01-28T07:48:26+00:00 CRITICAL Uncaught Error: Failed opening required '/home/mhmd/Local Sites/zakat/app/public/wp-content/plugins/insert-headers-and-footers/includes/vendor/autoload.php' (include_path='.:/usr/share/php:/www/wp-content/pear') in /home/mhmd/Local Sites/zakat/app/public/wp-content/plugins/insert-headers-and-footers/includes/class-wpcode-snippet-execute.php(287) : eval()'d code:9
Stack trace:
#0 /home/mhmd/Local Sites/zakat/app/public/wp-includes/class-wp-hook.php(326): woo_order_status_change_custom(4391)
#1 /home/mhmd/Local Sites/zakat/app/public/wp-includes/class-wp-hook.php(348): WP_Hook->apply_filters('', Array)
#2 /home/mhmd/Local Sites/zakat/app/public/wp-includes/plugin.php(517): WP_Hook->do_action(Array)
#3 /home/mhmd/Local Sites/zakat/app/public/wp-content/plugins/woocommerce/includes/class-wc-order.php(421): do_action('woocommerce_ord...', 4391, 'processing', 'on-hold', Object(Automattic\WooCommerce\Admin\Overrides\Order))
#4 /home/mhmd/Local Sites/zakat/app/public/wp-content/plugins/woocommerce/includes/class-wc-order.php(253): WC_Order->status_transition()
#5 /home/mhmd/Local Sites/zakat/app/public/wp-content/plugins/woocommerce/includes/admin/meta-boxes/class-wc-meta-box-order-data.php(714): WC_Order->save()
#6 /home/mhmd/Local Sites/zakat/app/public/wp-includes/class-wp-hook.php(326): WC_Meta_Box_Order_Data::save(4391)
#7 /home/mhmd/Local Sites/zakat/app/public/wp-includes/class-wp-hook.php(348): WP_Hook->apply_filters(NULL, Array)
#8 /home/mhmd/Local Sites/zakat/app/public/wp-includes/plugin.php(517): WP_Hook->do_action(Array)
#9 /home/mhmd/Local Sites/zakat/app/public/wp-content/plugins/woocommerce/src/Internal/Admin/Orders/Edit.php(303): do_action('woocommerce_pro...', 4391, Object(Automattic\WooCommerce\Admin\Overrides\Order))
#10 /home/mhmd/Local Sites/zakat/app/public/wp-content/plugins/woocommerce/src/Internal/Admin/Orders/Edit.php(152): Automattic\WooCommerce\Internal\Admin\Orders\Edit->handle_order_update()
#11 /home/mhmd/Local Sites/zakat/app/public/wp-content/plugins/woocommerce/src/Internal/Admin/Orders/PageController.php(350): Automattic\WooCommerce\Internal\Admin\Orders\Edit->setup(Object(Automattic\WooCommerce\Admin\Overrides\Order))
#12 /home/mhmd/Local Sites/zakat/app/public/wp-content/plugins/woocommerce/src/Internal/Admin/Orders/PageController.php(366): Automattic\WooCommerce\Internal\Admin\Orders\PageController->prepare_order_edit_form()
#13 /home/mhmd/Local Sites/zakat/app/public/wp-content/plugins/woocommerce/src/Internal/Admin/Orders/PageController.php(167): Automattic\WooCommerce\Internal\Admin\Orders\PageController->setup_action_edit_order()
#14 [internal function]: Automattic\WooCommerce\Internal\Admin\Orders\PageController->handle_load_page_action('')
#15 /home/mhmd/Local Sites/zakat/app/public/wp-content/plugins/woocommerce/src/Internal/Traits/AccessiblePrivateMethods.php(158): call_user_func_array(Array, Array)
#16 /home/mhmd/Local Sites/zakat/app/public/wp-includes/class-wp-hook.php(324): Automattic\WooCommerce\Internal\Admin\Orders\PageController->__call('handle_load_pag...', Array)
#17 /home/mhmd/Local Sites/zakat/app/public/wp-includes/class-wp-hook.php(348): WP_Hook->apply_filters('', Array)
#18 /home/mhmd/Local Sites/zakat/app/public/wp-includes/plugin.php(517): WP_Hook->do_action(Array)
#19 /home/mhmd/Local Sites/zakat/app/public/wp-admin/admin.php(237): do_action('load-woocommerc...')
#20 {main}
  thrown in /home/mhmd/Local Sites/zakat/app/public/wp-content/plugins/insert-headers-and-footers/includes/class-wpcode-snippet-execute.php(287) : eval()'d code on line 9

2024-01-28T07:49:40+00:00 CRITICAL Uncaught TypeError: call_user_func_array(): Argument #1 ($callback) must be a valid callback, function "woo_order_status_change_custom" not found or invalid function name in /home/mhmd/Local Sites/zakat/app/public/wp-includes/class-wp-hook.php:326
Stack trace:
#0 /home/mhmd/Local Sites/zakat/app/public/wp-includes/class-wp-hook.php(348): WP_Hook->apply_filters(NULL, Array)
#1 /home/mhmd/Local Sites/zakat/app/public/wp-includes/plugin.php(517): WP_Hook->do_action(Array)
#2 /home/mhmd/Local Sites/zakat/app/public/wp-content/plugins/woocommerce/includes/class-wc-order.php(421): do_action('woocommerce_ord...', 4391, 'on-hold', 'processing', Object(Automattic\WooCommerce\Admin\Overrides\Order))
#3 /home/mhmd/Local Sites/zakat/app/public/wp-content/plugins/woocommerce/includes/class-wc-order.php(253): WC_Order->status_transition()
#4 /home/mhmd/Local Sites/zakat/app/public/wp-content/plugins/woocommerce/includes/admin/meta-boxes/class-wc-meta-box-order-data.php(714): WC_Order->save()
#5 /home/mhmd/Local Sites/zakat/app/public/wp-includes/class-wp-hook.php(326): WC_Meta_Box_Order_Data::save(4391)
#6 /home/mhmd/Local Sites/zakat/app/public/wp-includes/class-wp-hook.php(348): WP_Hook->apply_filters(NULL, Array)
#7 /home/mhmd/Local Sites/zakat/app/public/wp-includes/plugin.php(517): WP_Hook->do_action(Array)
#8 /home/mhmd/Local Sites/zakat/app/public/wp-content/plugins/woocommerce/src/Internal/Admin/Orders/Edit.php(303): do_action('woocommerce_pro...', 4391, Object(Automattic\WooCommerce\Admin\Overrides\Order))
#9 /home/mhmd/Local Sites/zakat/app/public/wp-content/plugins/woocommerce/src/Internal/Admin/Orders/Edit.php(152): Automattic\WooCommerce\Internal\Admin\Orders\Edit->handle_order_update()
#10 /home/mhmd/Local Sites/zakat/app/public/wp-content/plugins/woocommerce/src/Internal/Admin/Orders/PageController.php(350): Automattic\WooCommerce\Internal\Admin\Orders\Edit->setup(Object(Automattic\WooCommerce\Admin\Overrides\Order))
#11 /home/mhmd/Local Sites/zakat/app/public/wp-content/plugins/woocommerce/src/Internal/Admin/Orders/PageController.php(366): Automattic\WooCommerce\Internal\Admin\Orders\PageController->prepare_order_edit_form()
#12 /home/mhmd/Local Sites/zakat/app/public/wp-content/plugins/woocommerce/src/Internal/Admin/Orders/PageController.php(167): Automattic\WooCommerce\Internal\Admin\Orders\PageController->setup_action_edit_order()
#13 [internal function]: Automattic\WooCommerce\Internal\Admin\Orders\PageController->handle_load_page_action('')
#14 /home/mhmd/Local Sites/zakat/app/public/wp-content/plugins/woocommerce/src/Internal/Traits/AccessiblePrivateMethods.php(158): call_user_func_array(Array, Array)
#15 /home/mhmd/Local Sites/zakat/app/public/wp-includes/class-wp-hook.php(324): Automattic\WooCommerce\Internal\Admin\Orders\PageController->__call('handle_load_pag...', Array)
#16 /home/mhmd/Local Sites/zakat/app/public/wp-includes/class-wp-hook.php(348): WP_Hook->apply_filters('', Array)
#17 /home/mhmd/Local Sites/zakat/app/public/wp-includes/plugin.php(517): WP_Hook->do_action(Array)
#18 /home/mhmd/Local Sites/zakat/app/public/wp-admin/admin.php(237): do_action('load-woocommerc...')
#19 {main}
  thrown in /home/mhmd/Local Sites/zakat/app/public/wp-includes/class-wp-hook.php on line 326

2024-01-28T07:59:09+00:00 CRITICAL syntax error, unexpected token "use" in /home/mhmd/Local Sites/zakat/app/public/wp-content/plugins/zakat/zakat.php on line 23

2024-01-28T11:37:46+00:00 CRITICAL Uncaught TypeError: Unsupported operand types: WC_Order_Item_Product + array in /home/mhmd/Local Sites/zakat/app/public/wp-content/plugins/zakat/zakat.php:33
Stack trace:
#0 /home/mhmd/Local Sites/zakat/app/public/wp-includes/class-wp-hook.php(326): woo_order_status_change_custom(4418)
#1 /home/mhmd/Local Sites/zakat/app/public/wp-includes/class-wp-hook.php(348): WP_Hook->apply_filters('', Array)
#2 /home/mhmd/Local Sites/zakat/app/public/wp-includes/plugin.php(517): WP_Hook->do_action(Array)
#3 /home/mhmd/Local Sites/zakat/app/public/wp-content/plugins/woocommerce/includes/class-wc-order.php(421): do_action('woocommerce_ord...', 4418, 'on-hold', 'completed', Object(Automattic\WooCommerce\Admin\Overrides\Order))
#4 /home/mhmd/Local Sites/zakat/app/public/wp-content/plugins/woocommerce/includes/class-wc-order.php(253): WC_Order->status_transition()
#5 /home/mhmd/Local Sites/zakat/app/public/wp-content/plugins/woocommerce/includes/admin/meta-boxes/class-wc-meta-box-order-data.php(714): WC_Order->save()
#6 /home/mhmd/Local Sites/zakat/app/public/wp-includes/class-wp-hook.php(326): WC_Meta_Box_Order_Data::save(4418)
#7 /home/mhmd/Local Sites/zakat/app/public/wp-includes/class-wp-hook.php(348): WP_Hook->apply_filters(NULL, Array)
#8 /home/mhmd/Local Sites/zakat/app/public/wp-includes/plugin.php(517): WP_Hook->do_action(Array)
#9 /home/mhmd/Local Sites/zakat/app/public/wp-content/plugins/woocommerce/src/Internal/Admin/Orders/Edit.php(303): do_action('woocommerce_pro...', 4418, Object(Automattic\WooCommerce\Admin\Overrides\Order))
#10 /home/mhmd/Local Sites/zakat/app/public/wp-content/plugins/woocommerce/src/Internal/Admin/Orders/Edit.php(152): Automattic\WooCommerce\Internal\Admin\Orders\Edit->handle_order_update()
#11 /home/mhmd/Local Sites/zakat/app/public/wp-content/plugins/woocommerce/src/Internal/Admin/Orders/PageController.php(350): Automattic\WooCommerce\Internal\Admin\Orders\Edit->setup(Object(Automattic\WooCommerce\Admin\Overrides\Order))
#12 /home/mhmd/Local Sites/zakat/app/public/wp-content/plugins/woocommerce/src/Internal/Admin/Orders/PageController.php(366): Automattic\WooCommerce\Internal\Admin\Orders\PageController->prepare_order_edit_form()
#13 /home/mhmd/Local Sites/zakat/app/public/wp-content/plugins/woocommerce/src/Internal/Admin/Orders/PageController.php(167): Automattic\WooCommerce\Internal\Admin\Orders\PageController->setup_action_edit_order()
#14 [internal function]: Automattic\WooCommerce\Internal\Admin\Orders\PageController->handle_load_page_action('')
#15 /home/mhmd/Local Sites/zakat/app/public/wp-content/plugins/woocommerce/src/Internal/Traits/AccessiblePrivateMethods.php(158): call_user_func_array(Array, Array)
#16 /home/mhmd/Local Sites/zakat/app/public/wp-includes/class-wp-hook.php(324): Automattic\WooCommerce\Internal\Admin\Orders\PageController->__call('handle_load_pag...', Array)
#17 /home/mhmd/Local Sites/zakat/app/public/wp-includes/class-wp-hook.php(348): WP_Hook->apply_filters('', Array)
#18 /home/mhmd/Local Sites/zakat/app/public/wp-includes/plugin.php(517): WP_Hook->do_action(Array)
#19 /home/mhmd/Local Sites/zakat/app/public/wp-admin/admin.php(237): do_action('load-woocommerc...')
#20 {main}
  thrown in /home/mhmd/Local Sites/zakat/app/public/wp-content/plugins/zakat/zakat.php on line 33

2024-01-28T11:40:02+00:00 CRITICAL Uncaught TypeError: Unsupported operand types: null + string in /home/mhmd/Local Sites/zakat/app/public/wp-content/plugins/zakat/zakat.php:33
Stack trace:
#0 /home/mhmd/Local Sites/zakat/app/public/wp-includes/class-wp-hook.php(326): woo_order_status_change_custom(4418)
#1 /home/mhmd/Local Sites/zakat/app/public/wp-includes/class-wp-hook.php(348): WP_Hook->apply_filters('', Array)
#2 /home/mhmd/Local Sites/zakat/app/public/wp-includes/plugin.php(517): WP_Hook->do_action(Array)
#3 /home/mhmd/Local Sites/zakat/app/public/wp-content/plugins/woocommerce/includes/class-wc-order.php(421): do_action('woocommerce_ord...', 4418, 'on-hold', 'completed', Object(Automattic\WooCommerce\Admin\Overrides\Order))
#4 /home/mhmd/Local Sites/zakat/app/public/wp-content/plugins/woocommerce/includes/class-wc-order.php(253): WC_Order->status_transition()
#5 /home/mhmd/Local Sites/zakat/app/public/wp-content/plugins/woocommerce/includes/admin/meta-boxes/class-wc-meta-box-order-data.php(714): WC_Order->save()
#6 /home/mhmd/Local Sites/zakat/app/public/wp-includes/class-wp-hook.php(326): WC_Meta_Box_Order_Data::save(4418)
#7 /home/mhmd/Local Sites/zakat/app/public/wp-includes/class-wp-hook.php(348): WP_Hook->apply_filters(NULL, Array)
#8 /home/mhmd/Local Sites/zakat/app/public/wp-includes/plugin.php(517): WP_Hook->do_action(Array)
#9 /home/mhmd/Local Sites/zakat/app/public/wp-content/plugins/woocommerce/src/Internal/Admin/Orders/Edit.php(303): do_action('woocommerce_pro...', 4418, Object(Automattic\WooCommerce\Admin\Overrides\Order))
#10 /home/mhmd/Local Sites/zakat/app/public/wp-content/plugins/woocommerce/src/Internal/Admin/Orders/Edit.php(152): Automattic\WooCommerce\Internal\Admin\Orders\Edit->handle_order_update()
#11 /home/mhmd/Local Sites/zakat/app/public/wp-content/plugins/woocommerce/src/Internal/Admin/Orders/PageController.php(350): Automattic\WooCommerce\Internal\Admin\Orders\Edit->setup(Object(Automattic\WooCommerce\Admin\Overrides\Order))
#12 /home/mhmd/Local Sites/zakat/app/public/wp-content/plugins/woocommerce/src/Internal/Admin/Orders/PageController.php(366): Automattic\WooCommerce\Internal\Admin\Orders\PageController->prepare_order_edit_form()
#13 /home/mhmd/Local Sites/zakat/app/public/wp-content/plugins/woocommerce/src/Internal/Admin/Orders/PageController.php(167): Automattic\WooCommerce\Internal\Admin\Orders\PageController->setup_action_edit_order()
#14 [internal function]: Automattic\WooCommerce\Internal\Admin\Orders\PageController->handle_load_page_action('')
#15 /home/mhmd/Local Sites/zakat/app/public/wp-content/plugins/woocommerce/src/Internal/Traits/AccessiblePrivateMethods.php(158): call_user_func_array(Array, Array)
#16 /home/mhmd/Local Sites/zakat/app/public/wp-includes/class-wp-hook.php(324): Automattic\WooCommerce\Internal\Admin\Orders\PageController->__call('handle_load_pag...', Array)
#17 /home/mhmd/Local Sites/zakat/app/public/wp-includes/class-wp-hook.php(348): WP_Hook->apply_filters('', Array)
#18 /home/mhmd/Local Sites/zakat/app/public/wp-includes/plugin.php(517): WP_Hook->do_action(Array)
#19 /home/mhmd/Local Sites/zakat/app/public/wp-admin/admin.php(237): do_action('load-woocommerc...')
#20 {main}
  thrown in /home/mhmd/Local Sites/zakat/app/public/wp-content/plugins/zakat/zakat.php on line 33

2024-01-28T12:18:45+00:00 CRITICAL Uncaught Error: Call to undefined method WC_Order_Item_Product::taxes() in /home/mhmd/Local Sites/zakat/app/public/wp-content/plugins/zakat/zakat.php:33
Stack trace:
#0 /home/mhmd/Local Sites/zakat/app/public/wp-includes/class-wp-hook.php(326): woo_order_status_change_custom(4418)
#1 /home/mhmd/Local Sites/zakat/app/public/wp-includes/class-wp-hook.php(348): WP_Hook->apply_filters('', Array)
#2 /home/mhmd/Local Sites/zakat/app/public/wp-includes/plugin.php(517): WP_Hook->do_action(Array)
#3 /home/mhmd/Local Sites/zakat/app/public/wp-content/plugins/woocommerce/includes/class-wc-order.php(421): do_action('woocommerce_ord...', 4418, 'on-hold', 'processing', Object(Automattic\WooCommerce\Admin\Overrides\Order))
#4 /home/mhmd/Local Sites/zakat/app/public/wp-content/plugins/woocommerce/includes/class-wc-order.php(253): WC_Order->status_transition()
#5 /home/mhmd/Local Sites/zakat/app/public/wp-content/plugins/woocommerce/includes/admin/meta-boxes/class-wc-meta-box-order-data.php(714): WC_Order->save()
#6 /home/mhmd/Local Sites/zakat/app/public/wp-includes/class-wp-hook.php(326): WC_Meta_Box_Order_Data::save(4418)
#7 /home/mhmd/Local Sites/zakat/app/public/wp-includes/class-wp-hook.php(348): WP_Hook->apply_filters(NULL, Array)
#8 /home/mhmd/Local Sites/zakat/app/public/wp-includes/plugin.php(517): WP_Hook->do_action(Array)
#9 /home/mhmd/Local Sites/zakat/app/public/wp-content/plugins/woocommerce/src/Internal/Admin/Orders/Edit.php(303): do_action('woocommerce_pro...', 4418, Object(Automattic\WooCommerce\Admin\Overrides\Order))
#10 /home/mhmd/Local Sites/zakat/app/public/wp-content/plugins/woocommerce/src/Internal/Admin/Orders/Edit.php(152): Automattic\WooCommerce\Internal\Admin\Orders\Edit->handle_order_update()
#11 /home/mhmd/Local Sites/zakat/app/public/wp-content/plugins/woocommerce/src/Internal/Admin/Orders/PageController.php(350): Automattic\WooCommerce\Internal\Admin\Orders\Edit->setup(Object(Automattic\WooCommerce\Admin\Overrides\Order))
#12 /home/mhmd/Local Sites/zakat/app/public/wp-content/plugins/woocommerce/src/Internal/Admin/Orders/PageController.php(366): Automattic\WooCommerce\Internal\Admin\Orders\PageController->prepare_order_edit_form()
#13 /home/mhmd/Local Sites/zakat/app/public/wp-content/plugins/woocommerce/src/Internal/Admin/Orders/PageController.php(167): Automattic\WooCommerce\Internal\Admin\Orders\PageController->setup_action_edit_order()
#14 [internal function]: Automattic\WooCommerce\Internal\Admin\Orders\PageController->handle_load_page_action('')
#15 /home/mhmd/Local Sites/zakat/app/public/wp-content/plugins/woocommerce/src/Internal/Traits/AccessiblePrivateMethods.php(158): call_user_func_array(Array, Array)
#16 /home/mhmd/Local Sites/zakat/app/public/wp-includes/class-wp-hook.php(324): Automattic\WooCommerce\Internal\Admin\Orders\PageController->__call('handle_load_pag...', Array)
#17 /home/mhmd/Local Sites/zakat/app/public/wp-includes/class-wp-hook.php(348): WP_Hook->apply_filters('', Array)
#18 /home/mhmd/Local Sites/zakat/app/public/wp-includes/plugin.php(517): WP_Hook->do_action(Array)
#19 /home/mhmd/Local Sites/zakat/app/public/wp-admin/admin.php(237): do_action('load-woocommerc...')
#20 {main}
  thrown in /home/mhmd/Local Sites/zakat/app/public/wp-content/plugins/zakat/zakat.php on line 33

2024-01-28T12:19:32+00:00 CRITICAL Uncaught Error: Call to undefined method WC_Order_Item_Product::taxes() in /home/mhmd/Local Sites/zakat/app/public/wp-content/plugins/zakat/zakat.php:33
Stack trace:
#0 /home/mhmd/Local Sites/zakat/app/public/wp-includes/class-wp-hook.php(326): woo_order_status_change_custom(4418)
#1 /home/mhmd/Local Sites/zakat/app/public/wp-includes/class-wp-hook.php(348): WP_Hook->apply_filters('', Array)
#2 /home/mhmd/Local Sites/zakat/app/public/wp-includes/plugin.php(517): WP_Hook->do_action(Array)
#3 /home/mhmd/Local Sites/zakat/app/public/wp-content/plugins/woocommerce/includes/class-wc-order.php(421): do_action('woocommerce_ord...', 4418, 'processing', 'on-hold', Object(Automattic\WooCommerce\Admin\Overrides\Order))
#4 /home/mhmd/Local Sites/zakat/app/public/wp-content/plugins/woocommerce/includes/class-wc-order.php(253): WC_Order->status_transition()
#5 /home/mhmd/Local Sites/zakat/app/public/wp-content/plugins/woocommerce/includes/admin/meta-boxes/class-wc-meta-box-order-data.php(714): WC_Order->save()
#6 /home/mhmd/Local Sites/zakat/app/public/wp-includes/class-wp-hook.php(326): WC_Meta_Box_Order_Data::save(4418)
#7 /home/mhmd/Local Sites/zakat/app/public/wp-includes/class-wp-hook.php(348): WP_Hook->apply_filters(NULL, Array)
#8 /home/mhmd/Local Sites/zakat/app/public/wp-includes/plugin.php(517): WP_Hook->do_action(Array)
#9 /home/mhmd/Local Sites/zakat/app/public/wp-content/plugins/woocommerce/src/Internal/Admin/Orders/Edit.php(303): do_action('woocommerce_pro...', 4418, Object(Automattic\WooCommerce\Admin\Overrides\Order))
#10 /home/mhmd/Local Sites/zakat/app/public/wp-content/plugins/woocommerce/src/Internal/Admin/Orders/Edit.php(152): Automattic\WooCommerce\Internal\Admin\Orders\Edit->handle_order_update()
#11 /home/mhmd/Local Sites/zakat/app/public/wp-content/plugins/woocommerce/src/Internal/Admin/Orders/PageController.php(350): Automattic\WooCommerce\Internal\Admin\Orders\Edit->setup(Object(Automattic\WooCommerce\Admin\Overrides\Order))
#12 /home/mhmd/Local Sites/zakat/app/public/wp-content/plugins/woocommerce/src/Internal/Admin/Orders/PageController.php(366): Automattic\WooCommerce\Internal\Admin\Orders\PageController->prepare_order_edit_form()
#13 /home/mhmd/Local Sites/zakat/app/public/wp-content/plugins/woocommerce/src/Internal/Admin/Orders/PageController.php(167): Automattic\WooCommerce\Internal\Admin\Orders\PageController->setup_action_edit_order()
#14 [internal function]: Automattic\WooCommerce\Internal\Admin\Orders\PageController->handle_load_page_action('')
#15 /home/mhmd/Local Sites/zakat/app/public/wp-content/plugins/woocommerce/src/Internal/Traits/AccessiblePrivateMethods.php(158): call_user_func_array(Array, Array)
#16 /home/mhmd/Local Sites/zakat/app/public/wp-includes/class-wp-hook.php(324): Automattic\WooCommerce\Internal\Admin\Orders\PageController->__call('handle_load_pag...', Array)
#17 /home/mhmd/Local Sites/zakat/app/public/wp-includes/class-wp-hook.php(348): WP_Hook->apply_filters('', Array)
#18 /home/mhmd/Local Sites/zakat/app/public/wp-includes/plugin.php(517): WP_Hook->do_action(Array)
#19 /home/mhmd/Local Sites/zakat/app/public/wp-admin/admin.php(237): do_action('load-woocommerc...')
#20 {main}
  thrown in /home/mhmd/Local Sites/zakat/app/public/wp-content/plugins/zakat/zakat.php on line 33

2024-01-28T12:20:07+00:00 CRITICAL Uncaught Error: Call to undefined method WC_Order_Item_Product::taxes() in /home/mhmd/Local Sites/zakat/app/public/wp-content/plugins/zakat/zakat.php:33
Stack trace:
#0 /home/mhmd/Local Sites/zakat/app/public/wp-includes/class-wp-hook.php(326): woo_order_status_change_custom(4418)
#1 /home/mhmd/Local Sites/zakat/app/public/wp-includes/class-wp-hook.php(348): WP_Hook->apply_filters('', Array)
#2 /home/mhmd/Local Sites/zakat/app/public/wp-includes/plugin.php(517): WP_Hook->do_action(Array)
#3 /home/mhmd/Local Sites/zakat/app/public/wp-content/plugins/woocommerce/includes/class-wc-order.php(421): do_action('woocommerce_ord...', 4418, 'on-hold', 'processing', Object(Automattic\WooCommerce\Admin\Overrides\Order))
#4 /home/mhmd/Local Sites/zakat/app/public/wp-content/plugins/woocommerce/includes/class-wc-order.php(253): WC_Order->status_transition()
#5 /home/mhmd/Local Sites/zakat/app/public/wp-content/plugins/woocommerce/includes/admin/meta-boxes/class-wc-meta-box-order-data.php(714): WC_Order->save()
#6 /home/mhmd/Local Sites/zakat/app/public/wp-includes/class-wp-hook.php(326): WC_Meta_Box_Order_Data::save(4418)
#7 /home/mhmd/Local Sites/zakat/app/public/wp-includes/class-wp-hook.php(348): WP_Hook->apply_filters(NULL, Array)
#8 /home/mhmd/Local Sites/zakat/app/public/wp-includes/plugin.php(517): WP_Hook->do_action(Array)
#9 /home/mhmd/Local Sites/zakat/app/public/wp-content/plugins/woocommerce/src/Internal/Admin/Orders/Edit.php(303): do_action('woocommerce_pro...', 4418, Object(Automattic\WooCommerce\Admin\Overrides\Order))
#10 /home/mhmd/Local Sites/zakat/app/public/wp-content/plugins/woocommerce/src/Internal/Admin/Orders/Edit.php(152): Automattic\WooCommerce\Internal\Admin\Orders\Edit->handle_order_update()
#11 /home/mhmd/Local Sites/zakat/app/public/wp-content/plugins/woocommerce/src/Internal/Admin/Orders/PageController.php(350): Automattic\WooCommerce\Internal\Admin\Orders\Edit->setup(Object(Automattic\WooCommerce\Admin\Overrides\Order))
#12 /home/mhmd/Local Sites/zakat/app/public/wp-content/plugins/woocommerce/src/Internal/Admin/Orders/PageController.php(366): Automattic\WooCommerce\Internal\Admin\Orders\PageController->prepare_order_edit_form()
#13 /home/mhmd/Local Sites/zakat/app/public/wp-content/plugins/woocommerce/src/Internal/Admin/Orders/PageController.php(167): Automattic\WooCommerce\Internal\Admin\Orders\PageController->setup_action_edit_order()
#14 [internal function]: Automattic\WooCommerce\Internal\Admin\Orders\PageController->handle_load_page_action('')
#15 /home/mhmd/Local Sites/zakat/app/public/wp-content/plugins/woocommerce/src/Internal/Traits/AccessiblePrivateMethods.php(158): call_user_func_array(Array, Array)
#16 /home/mhmd/Local Sites/zakat/app/public/wp-includes/class-wp-hook.php(324): Automattic\WooCommerce\Internal\Admin\Orders\PageController->__call('handle_load_pag...', Array)
#17 /home/mhmd/Local Sites/zakat/app/public/wp-includes/class-wp-hook.php(348): WP_Hook->apply_filters('', Array)
#18 /home/mhmd/Local Sites/zakat/app/public/wp-includes/plugin.php(517): WP_Hook->do_action(Array)
#19 /home/mhmd/Local Sites/zakat/app/public/wp-admin/admin.php(237): do_action('load-woocommerc...')
#20 {main}
  thrown in /home/mhmd/Local Sites/zakat/app/public/wp-content/plugins/zakat/zakat.php on line 33

